<?xml version="1.0" encoding="UTF-8"?>
<testng-results ignored="0" total="1" passed="1" failed="0" skipped="0">
  <reporter-output>
  </reporter-output>
  <suite started-at="2025-01-30T22:49:25 IST" name="Default suite" finished-at="2025-01-30T22:49:42 IST" duration-ms="17461">
    <groups>
    </groups>
    <test started-at="2025-01-30T22:49:25 IST" name="Default test" finished-at="2025-01-30T22:49:42 IST" duration-ms="17461">
      <class name="MYNew.RahulShettyFramework.ExtentReportsDemo">
        <test-method is-config="true" signature="getExtentReports()[pri:0, instance:MYNew.RahulShettyFramework.ExtentReportsDemo@175b9425]" started-at="2025-01-30T22:49:25 IST" name="getExtentReports" finished-at="2025-01-30T22:49:26 IST" duration-ms="769" status="PASS">
          <reporter-output>
          </reporter-output>
        </test-method> <!-- getExtentReports -->
        <test-method is-config="true" signature="launchApplication()[pri:0, instance:MYNew.RahulShettyFramework.ExtentReportsDemo@175b9425]" started-at="2025-01-30T22:49:26 IST" name="launchApplication" finished-at="2025-01-30T22:49:37 IST" duration-ms="11551" status="PASS">
          <reporter-output>
          </reporter-output>
        </test-method> <!-- launchApplication -->
        <test-method signature="intialDemo()[pri:0, instance:MYNew.RahulShettyFramework.ExtentReportsDemo@175b9425]" started-at="2025-01-30T22:49:37 IST" name="intialDemo" finished-at="2025-01-30T22:49:39 IST" duration-ms="1637" status="PASS">
          <reporter-output>
          </reporter-output>
        </test-method> <!-- intialDemo -->
        <test-method is-config="true" signature="closeMethod()[pri:0, instance:MYNew.RahulShettyFramework.ExtentReportsDemo@175b9425]" started-at="2025-01-30T22:49:39 IST" name="closeMethod" finished-at="2025-01-30T22:49:42 IST" duration-ms="3359" status="PASS">
          <reporter-output>
          </reporter-output>
        </test-method> <!-- closeMethod -->
      </class> <!-- MYNew.RahulShettyFramework.ExtentReportsDemo -->
    </test> <!-- Default test -->
  </suite> <!-- Default suite -->
</testng-results>
